<?xml version="1.0" encoding="UTF-8"?>
<!-- Generated by org.testng.reporters.JUnitReportReporter -->
<testsuite hostname="LAPTOP-A0510HNN" failures="0" tests="3" name="aug09.DealsDray" time="72.643" errors="0" timestamp="2024-08-11T17:59:09 IST" skipped="0">
  <testcase classname="aug09.DealsDray" name="startTest" time="23.659"/>
  <testcase classname="aug09.DealsDray" name="startTest" time="24.399"/>
  <testcase classname="aug09.DealsDray" name="startTest" time="24.585"/>
</testsuite> <!-- aug09.DealsDray -->
